<?xml version="1.0" encoding="UTF-8"?>
<!-- Generated by org.testng.reporters.JUnitReportReporter -->
<testsuite skipped="0" hostname="sandeep-PC" name="com.citibank.login.HelloWorld" tests="1" failures="0" timestamp="30 Sep 2018 06:22:10 GMT" time="0.047" errors="0">
  <testcase name="login" time="0.047" classname="com.citibank.login.HelloWorld"/>
</testsuite> <!-- com.citibank.login.HelloWorld -->
